<?xml version="1.0" encoding="UTF-8"?>
<testng-results skipped="0" failed="0" ignored="0" total="1" passed="1">
  <reporter-output>
  </reporter-output>
  <suite name="Default suite" duration-ms="55536" started-at="2020-01-13T14:18:59 GMT" finished-at="2020-01-13T14:19:55 GMT">
    <groups>
    </groups>
    <test name="Default test" duration-ms="55536" started-at="2020-01-13T14:18:59 GMT" finished-at="2020-01-13T14:19:55 GMT">
      <class name="Academy.ValidateTitle">
        <test-method status="PASS" signature="initialize()[pri:0, instance:Academy.ValidateTitle@3bd82cf5]" name="initialize" is-config="true" duration-ms="55193" started-at="2020-01-13T14:18:59 GMT" finished-at="2020-01-13T14:19:54 GMT">
          <reporter-output>
          </reporter-output>
        </test-method> <!-- initialize -->
        <test-method status="PASS" signature="validateText()[pri:0, instance:Academy.ValidateTitle@3bd82cf5]" name="validateText" duration-ms="181" started-at="2020-01-13T14:19:55 GMT" finished-at="2020-01-13T14:19:55 GMT">
          <reporter-output>
          </reporter-output>
        </test-method> <!-- validateText -->
        <test-method status="PASS" signature="teardown()[pri:0, instance:Academy.ValidateTitle@3bd82cf5]" name="teardown" is-config="true" duration-ms="107" started-at="2020-01-13T14:19:55 GMT" finished-at="2020-01-13T14:19:55 GMT">
          <reporter-output>
          </reporter-output>
        </test-method> <!-- teardown -->
      </class> <!-- Academy.ValidateTitle -->
    </test> <!-- Default test -->
  </suite> <!-- Default suite -->
</testng-results>
